0 info it worked if it ends with ok
1 verbose cli [ 'C:\\Program Files\\nodejs\\\\node.exe',
1 verbose cli   'C:\\Program Files\\nodejs\\node_modules\\npm\\bin\\npm-cli.js',
1 verbose cli   'install',
1 verbose cli   'node-curl',
1 verbose cli   '--save' ]
2 info using npm@2.5.1
3 info using node@v0.12.0
4 verbose node symlink C:\Program Files\nodejs\\node.exe
5 silly cache add args [ 'node-curl', null ]
6 verbose cache add spec node-curl
7 silly cache add parsed spec { raw: 'node-curl',
7 silly cache add   scope: null,
7 silly cache add   name: 'node-curl',
7 silly cache add   rawSpec: '',
7 silly cache add   spec: '*',
7 silly cache add   type: 'range' }
8 verbose addNamed node-curl@*
9 silly addNamed semver.valid null
10 silly addNamed semver.validRange *
11 silly addNameRange { name: 'node-curl', range: '*', hasData: false }
12 silly mapToRegistry name node-curl
13 silly mapToRegistry using default registry
14 silly mapToRegistry registry https://registry.npmjs.org/
15 silly mapToRegistry uri https://registry.npmjs.org/node-curl
16 verbose addNameRange registry:https://registry.npmjs.org/node-curl not in flight; fetching
17 verbose request uri https://registry.npmjs.org/node-curl
18 verbose request no auth needed
19 info attempt registry request try #1 at 6:03:52 PM
20 verbose request id dff16b2989350b2b
21 http request GET https://registry.npmjs.org/node-curl
22 http 200 https://registry.npmjs.org/node-curl
23 silly get cb [ 200,
23 silly get   { date: 'Wed, 22 Apr 2015 22:03:44 GMT',
23 silly get     server: 'CouchDB/1.5.0 (Erlang OTP/R16B03)',
23 silly get     etag: '"1TPK66SBCORX73S2J40XN4BDL"',
23 silly get     'content-type': 'application/json',
23 silly get     'cache-control': 'max-age=60',
23 silly get     'content-length': '20373',
23 silly get     'accept-ranges': 'bytes',
23 silly get     via: '1.1 varnish',
23 silly get     age: '0',
23 silly get     'x-served-by': 'cache-jfk1031-JFK',
23 silly get     'x-cache': 'MISS',
23 silly get     'x-cache-hits': '0',
23 silly get     'x-timer': 'S1429740224.202595,VS0,VE30',
23 silly get     vary: 'Accept',
23 silly get     'keep-alive': 'timeout=10, max=50',
23 silly get     connection: 'Keep-Alive' } ]
24 verbose get saving node-curl to C:\Users\M. Herzog\AppData\Roaming\npm-cache\registry.npmjs.org\node-curl\.cache.json
25 silly addNameRange number 2 { name: 'node-curl', range: '*', hasData: true }
26 silly addNameRange versions [ 'node-curl',
26 silly addNameRange   [ '0.1.0',
26 silly addNameRange     '0.1.1',
26 silly addNameRange     '0.1.2',
26 silly addNameRange     '0.1.3',
26 silly addNameRange     '0.1.4',
26 silly addNameRange     '0.1.5',
26 silly addNameRange     '0.1.6',
26 silly addNameRange     '0.1.7',
26 silly addNameRange     '0.1.8',
26 silly addNameRange     '0.2.0',
26 silly addNameRange     '0.2.1',
26 silly addNameRange     '0.2.2',
26 silly addNameRange     '0.2.3',
26 silly addNameRange     '0.3.0',
26 silly addNameRange     '0.3.1',
26 silly addNameRange     '0.3.3' ] ]
27 verbose addNamed node-curl@0.3.3
28 silly addNamed semver.valid 0.3.3
29 silly addNamed semver.validRange 0.3.3
30 silly mapToRegistry name node-curl
31 silly mapToRegistry using default registry
32 silly mapToRegistry registry https://registry.npmjs.org/
33 silly mapToRegistry uri https://registry.npmjs.org/node-curl
34 verbose addRemoteTarball https://registry.npmjs.org/node-curl/-/node-curl-0.3.3.tgz not in flight; adding
35 verbose addRemoteTarball [ 'https://registry.npmjs.org/node-curl/-/node-curl-0.3.3.tgz',
35 verbose addRemoteTarball   '71274370774c2298b860307a9e45877701638735' ]
36 info retry fetch attempt 1 at 6:03:53 PM
37 info attempt registry request try #1 at 6:03:53 PM
38 http fetch GET https://registry.npmjs.org/node-curl/-/node-curl-0.3.3.tgz
39 http fetch 200 https://registry.npmjs.org/node-curl/-/node-curl-0.3.3.tgz
40 silly fetchAndShaCheck shasum 71274370774c2298b860307a9e45877701638735
41 verbose addTmpTarball C:\Users\M7BEB~1.HER\AppData\Local\Temp\npm-14716-c6211a89\registry.npmjs.org\node-curl\-\node-curl-0.3.3.tgz not in flight; adding
42 verbose addTmpTarball already have metadata; skipping unpack for node-curl@0.3.3
43 silly cache afterAdd node-curl@0.3.3
44 verbose afterAdd C:\Users\M. Herzog\AppData\Roaming\npm-cache\node-curl\0.3.3\package\package.json not in flight; writing
45 verbose afterAdd C:\Users\M. Herzog\AppData\Roaming\npm-cache\node-curl\0.3.3\package\package.json written
46 silly install resolved [ { name: 'node-curl',
46 silly install resolved     version: '0.3.3',
46 silly install resolved     author: { name: 'Jiang Miao', email: 'jiangfriend@gmail.com' },
46 silly install resolved     description: 'node wrapper for multi curl, fully implemented.',
46 silly install resolved     keywords: [ 'node-curl', 'curl', 'multi-curl', 'mcurl' ],
46 silly install resolved     homepage: 'http://github.com/jiangmiao/node-curl',
46 silly install resolved     repository: { type: 'git', url: 'git://github.com/jiangmiao/node-curl.git' },
46 silly install resolved     main: './lib',
46 silly install resolved     scripts: { install: 'sh src/generate_curl_options_list.sh && (node-gyp rebuild || node-waf configure build)' },
46 silly install resolved     engines: { node: '>= 0.6.0' },
46 silly install resolved     bugs: { url: 'https://github.com/jiangmiao/node-curl/issues' },
46 silly install resolved     _id: 'node-curl@0.3.3',
46 silly install resolved     _shasum: '71274370774c2298b860307a9e45877701638735',
46 silly install resolved     _resolved: 'https://registry.npmjs.org/node-curl/-/node-curl-0.3.3.tgz',
46 silly install resolved     _from: 'node-curl@*',
46 silly install resolved     _npmVersion: '1.4.23',
46 silly install resolved     _npmUser: { name: 'jiangmiao', email: 'jiangfriend@gmail.com' },
46 silly install resolved     maintainers: [ [Object] ],
46 silly install resolved     dist:
46 silly install resolved      { shasum: '71274370774c2298b860307a9e45877701638735',
46 silly install resolved        tarball: 'http://registry.npmjs.org/node-curl/-/node-curl-0.3.3.tgz' },
46 silly install resolved     directories: {} } ]
47 info install node-curl@0.3.3 into C:\Users\M. Herzog\Documents\UNCA\15 Spring\csci344\Projects\ProjectI\mvhrzg.github.io
48 info installOne node-curl@0.3.3
49 verbose installOne of node-curl to C:\Users\M. Herzog\Documents\UNCA\15 Spring\csci344\Projects\ProjectI\mvhrzg.github.io not in flight; installing
50 verbose lock using C:\Users\M. Herzog\AppData\Roaming\npm-cache\_locks\node-curl-b976bce411d69cfd.lock for C:\Users\M. Herzog\Documents\UNCA\15 Spring\csci344\Projects\ProjectI\mvhrzg.github.io\node_modules\node-curl
51 silly install write writing node-curl 0.3.3 to C:\Users\M. Herzog\Documents\UNCA\15 Spring\csci344\Projects\ProjectI\mvhrzg.github.io\node_modules\node-curl
52 silly cache addNamed cb node-curl@0.3.3
53 verbose unbuild node_modules\node-curl
54 verbose gentlyRm vacuuming C:\Users\M. Herzog\Documents\UNCA\15 Spring\csci344\Projects\ProjectI\mvhrzg.github.io\node_modules\node-curl
55 verbose tar unpack C:\Users\M. Herzog\AppData\Roaming\npm-cache\node-curl\0.3.3\package.tgz
56 verbose tar unpacking to C:\Users\M. Herzog\Documents\UNCA\15 Spring\csci344\Projects\ProjectI\mvhrzg.github.io\node_modules\node-curl
57 verbose gentlyRm vacuuming C:\Users\M. Herzog\Documents\UNCA\15 Spring\csci344\Projects\ProjectI\mvhrzg.github.io\node_modules\node-curl
58 silly gunzTarPerm modes [ '777', '666' ]
59 silly gunzTarPerm extractEntry package.json
60 silly gunzTarPerm modified mode [ 'package.json', 420, 438 ]
61 silly gunzTarPerm extractEntry .npmignore
62 silly gunzTarPerm modified mode [ '.npmignore', 420, 438 ]
63 silly gunzTarPerm extractEntry README.md
64 silly gunzTarPerm modified mode [ 'README.md', 420, 438 ]
65 silly gunzTarPerm extractEntry index.js
66 silly gunzTarPerm modified mode [ 'index.js', 420, 438 ]
67 silly gunzTarPerm extractEntry binding.gyp
68 silly gunzTarPerm modified mode [ 'binding.gyp', 420, 438 ]
69 silly gunzTarPerm extractEntry examples/curl.js
70 silly gunzTarPerm modified mode [ 'examples/curl.js', 420, 438 ]
71 silly gunzTarPerm extractEntry examples/low-level.js
72 silly gunzTarPerm modified mode [ 'examples/low-level.js', 420, 438 ]
73 silly gunzTarPerm extractEntry examples/post-multi-part.js
74 silly gunzTarPerm modified mode [ 'examples/post-multi-part.js', 420, 438 ]
75 silly gunzTarPerm extractEntry examples/test.js
76 silly gunzTarPerm modified mode [ 'examples/test.js', 420, 438 ]
77 silly gunzTarPerm extractEntry examples/low-level-pressure.js
78 silly gunzTarPerm modified mode [ 'examples/low-level-pressure.js', 420, 438 ]
79 silly gunzTarPerm extractEntry examples/test-stream.js
80 silly gunzTarPerm modified mode [ 'examples/test-stream.js', 420, 438 ]
81 silly gunzTarPerm extractEntry examples/pressure-multi-post.js
82 silly gunzTarPerm modified mode [ 'examples/pressure-multi-post.js', 420, 438 ]
83 silly gunzTarPerm extractEntry examples/test-get-info.js
84 silly gunzTarPerm modified mode [ 'examples/test-get-info.js', 420, 438 ]
85 silly gunzTarPerm extractEntry examples/test-errors.js
86 silly gunzTarPerm modified mode [ 'examples/test-errors.js', 420, 438 ]
87 silly gunzTarPerm extractEntry examples/quick-start.js
88 silly gunzTarPerm modified mode [ 'examples/quick-start.js', 420, 438 ]
89 silly gunzTarPerm extractEntry examples/post.js
90 silly gunzTarPerm modified mode [ 'examples/post.js', 420, 438 ]
91 silly gunzTarPerm extractEntry examples/pressure.js
92 silly gunzTarPerm modified mode [ 'examples/pressure.js', 420, 438 ]
93 silly gunzTarPerm extractEntry examples/pressure.toffee
94 silly gunzTarPerm modified mode [ 'examples/pressure.toffee', 420, 438 ]
95 silly gunzTarPerm extractEntry examples/curl.toffee
96 silly gunzTarPerm modified mode [ 'examples/curl.toffee', 420, 438 ]
97 silly gunzTarPerm extractEntry examples/test-errors.toffee
98 silly gunzTarPerm modified mode [ 'examples/test-errors.toffee', 420, 438 ]
99 silly gunzTarPerm extractEntry examples/pressure-multi-post.toffee
100 silly gunzTarPerm modified mode [ 'examples/pressure-multi-post.toffee', 420, 438 ]
101 silly gunzTarPerm extractEntry examples/post.toffee
102 silly gunzTarPerm modified mode [ 'examples/post.toffee', 420, 438 ]
103 silly gunzTarPerm extractEntry examples/test-stream.toffee
104 silly gunzTarPerm modified mode [ 'examples/test-stream.toffee', 420, 438 ]
105 silly gunzTarPerm extractEntry examples/post-multi-part.toffee
106 silly gunzTarPerm modified mode [ 'examples/post-multi-part.toffee', 420, 438 ]
107 silly gunzTarPerm extractEntry examples/test.toffee
108 silly gunzTarPerm modified mode [ 'examples/test.toffee', 420, 438 ]
109 silly gunzTarPerm extractEntry .travis.yml
110 silly gunzTarPerm modified mode [ '.travis.yml', 420, 438 ]
111 silly gunzTarPerm extractEntry index.toffee
112 silly gunzTarPerm modified mode [ 'index.toffee', 420, 438 ]
113 silly gunzTarPerm extractEntry lib/Curl.js
114 silly gunzTarPerm modified mode [ 'lib/Curl.js', 420, 438 ]
115 silly gunzTarPerm extractEntry lib/CurlBuilder.js
116 silly gunzTarPerm modified mode [ 'lib/CurlBuilder.js', 420, 438 ]
117 silly gunzTarPerm extractEntry lib/Curl.toffee
118 silly gunzTarPerm modified mode [ 'lib/Curl.toffee', 420, 438 ]
119 silly gunzTarPerm extractEntry lib/CurlBuilder.toffee
120 silly gunzTarPerm modified mode [ 'lib/CurlBuilder.toffee', 420, 438 ]
121 silly gunzTarPerm extractEntry LICENSE-MIT
122 silly gunzTarPerm modified mode [ 'LICENSE-MIT', 420, 438 ]
123 silly gunzTarPerm extractEntry src/generate_curl_options_list.sh
124 silly gunzTarPerm modified mode [ 'src/generate_curl_options_list.sh', 493, 511 ]
125 silly gunzTarPerm extractEntry src/node-curl.cc
126 silly gunzTarPerm modified mode [ 'src/node-curl.cc', 420, 438 ]
127 silly gunzTarPerm extractEntry src/node-curl.h
128 silly gunzTarPerm modified mode [ 'src/node-curl.h', 420, 438 ]
129 silly gunzTarPerm extractEntry wscript
130 silly gunzTarPerm modified mode [ 'wscript', 420, 438 ]
131 info preinstall node-curl@0.3.3
132 silly install resolved []
133 verbose about to build C:\Users\M. Herzog\Documents\UNCA\15 Spring\csci344\Projects\ProjectI\mvhrzg.github.io\node_modules\node-curl
134 info build C:\Users\M. Herzog\Documents\UNCA\15 Spring\csci344\Projects\ProjectI\mvhrzg.github.io\node_modules\node-curl
135 verbose linkStuff [ false,
135 verbose linkStuff   false,
135 verbose linkStuff   false,
135 verbose linkStuff   'C:\\Users\\M. Herzog\\Documents\\UNCA\\15 Spring\\csci344\\Projects\\ProjectI\\mvhrzg.github.io\\node_modules' ]
136 info linkStuff node-curl@0.3.3
137 verbose linkBins node-curl@0.3.3
138 verbose linkMans node-curl@0.3.3
139 verbose rebuildBundles node-curl@0.3.3
140 info install node-curl@0.3.3
141 verbose unsafe-perm in lifecycle true
142 info node-curl@0.3.3 Failed to exec install script
143 verbose unlock done using C:\Users\M. Herzog\AppData\Roaming\npm-cache\_locks\node-curl-b976bce411d69cfd.lock for C:\Users\M. Herzog\Documents\UNCA\15 Spring\csci344\Projects\ProjectI\mvhrzg.github.io\node_modules\node-curl
144 verbose stack Error: node-curl@0.3.3 install: `sh src/generate_curl_options_list.sh && (node-gyp rebuild || node-waf configure build)`
144 verbose stack Exit status 1
144 verbose stack     at EventEmitter.<anonymous> (C:\Program Files\nodejs\node_modules\npm\lib\utils\lifecycle.js:213:16)
144 verbose stack     at EventEmitter.emit (events.js:110:17)
144 verbose stack     at ChildProcess.<anonymous> (C:\Program Files\nodejs\node_modules\npm\lib\utils\spawn.js:14:12)
144 verbose stack     at ChildProcess.emit (events.js:110:17)
144 verbose stack     at maybeClose (child_process.js:1008:16)
144 verbose stack     at Process.ChildProcess._handle.onexit (child_process.js:1080:5)
145 verbose pkgid node-curl@0.3.3
146 verbose cwd C:\Users\M. Herzog\Documents\UNCA\15 Spring\csci344\Projects\ProjectI\mvhrzg.github.io
147 error Windows_NT 6.1.7601
148 error argv "C:\\Program Files\\nodejs\\\\node.exe" "C:\\Program Files\\nodejs\\node_modules\\npm\\bin\\npm-cli.js" "install" "node-curl" "--save"
149 error node v0.12.0
150 error npm  v2.5.1
151 error code ELIFECYCLE
152 error node-curl@0.3.3 install: `sh src/generate_curl_options_list.sh && (node-gyp rebuild || node-waf configure build)`
152 error Exit status 1
153 error Failed at the node-curl@0.3.3 install script 'sh src/generate_curl_options_list.sh && (node-gyp rebuild || node-waf configure build)'.
153 error This is most likely a problem with the node-curl package,
153 error not with npm itself.
153 error Tell the author that this fails on your system:
153 error     sh src/generate_curl_options_list.sh && (node-gyp rebuild || node-waf configure build)
153 error You can get their info via:
153 error     npm owner ls node-curl
153 error There is likely additional logging output above.
154 verbose exit [ 1, true ]
155 verbose unbuild node_modules\node-curl
156 info preuninstall node-curl@0.3.3
157 info uninstall node-curl@0.3.3
158 verbose unbuild rmStuff node-curl@0.3.3 from C:\Users\M. Herzog\Documents\UNCA\15 Spring\csci344\Projects\ProjectI\mvhrzg.github.io\node_modules
159 info postuninstall node-curl@0.3.3
160 verbose gentlyRm vacuuming C:\Users\M. Herzog\Documents\UNCA\15 Spring\csci344\Projects\ProjectI\mvhrzg.github.io\node_modules\node-curl
161 silly gentlyRm purging C:\Users\M. Herzog\Documents\UNCA\15 Spring\csci344\Projects\ProjectI\mvhrzg.github.io\node_modules\node-curl
162 silly gentlyRm removing C:\Users\M. Herzog\Documents\UNCA\15 Spring\csci344\Projects\ProjectI\mvhrzg.github.io\node_modules
163 silly gentlyRm finished vacuuming up to C:\Users\M. Herzog\Documents\UNCA\15 Spring\csci344\Projects\ProjectI\mvhrzg.github.io
